{
  "stats": {
    "suites": 1,
    "tests": 1,
    "passes": 1,
    "pending": 0,
    "failures": 0,
    "start": "2025-07-08T03:29:34.632Z",
    "end": "2025-07-08T03:29:39.201Z",
    "duration": 4569,
    "testsRegistered": 1,
    "passPercent": 100,
    "pendingPercent": 0,
    "other": 0,
    "hasOther": false,
    "skipped": 0,
    "hasSkipped": false
  },
  "results": [
    {
      "uuid": "45003a63-39e1-4fd8-836c-7a1b5cd0f03d",
      "title": "",
      "fullFile": "cypress\\e2e\\crm.cy.js",
      "file": "cypress\\e2e\\crm.cy.js",
      "beforeHooks": [],
      "afterHooks": [],
      "tests": [],
      "suites": [
        {
          "uuid": "4f018d05-a8ff-464b-a7ee-4a5e2c6addf9",
          "title": "Fluxo de Atendimento - CRM",
          "fullFile": "",
          "file": "",
          "beforeHooks": [],
          "afterHooks": [],
          "tests": [
            {
              "title": "Deve realizar login e abrir atendimento",
              "fullTitle": "Fluxo de Atendimento - CRM Deve realizar login e abrir atendimento",
              "timedOut": null,
              "duration": 3134,
              "state": "passed",
              "speed": "fast",
              "pass": true,
              "fail": false,
              "pending": false,
              "context": null,
              "code": "cy.visit('https://uberlandia.jmjsistemas.app/crm/#/authenticate'); // Acessa o CRM\ncy.get(':nth-child(1) > .login__input').type(Cypress.env('CRM_USER')); // Digita o usuário\ncy.get('.ng-isolate-scope > #senha').type(Cypress.env('CRM_PASSWORD')); //\ncy.get('.login__submit').click(); // Clica no botão de login",
              "err": {},
              "uuid": "67e6db2b-4123-4db5-89af-750ed2e5aa89",
              "parentUUID": "4f018d05-a8ff-464b-a7ee-4a5e2c6addf9",
              "isHook": false,
              "skipped": false
            }
          ],
          "suites": [],
          "passes": [
            "67e6db2b-4123-4db5-89af-750ed2e5aa89"
          ],
          "failures": [],
          "pending": [],
          "skipped": [],
          "duration": 3134,
          "root": false,
          "rootEmpty": false,
          "_timeout": 2000
        }
      ],
      "passes": [],
      "failures": [],
      "pending": [],
      "skipped": [],
      "duration": 0,
      "root": true,
      "rootEmpty": true,
      "_timeout": 2000
    }
  ],
  "meta": {
    "mocha": {
      "version": "7.2.0"
    },
    "mochawesome": {
      "options": {
        "quiet": false,
        "reportFilename": "report",
        "saveHtml": false,
        "saveJson": true,
        "consoleReporter": "spec",
        "useInlineDiffs": false,
        "code": true
      },
      "version": "7.1.3"
    },
    "marge": {
      "options": {
        "reportDir": "cypress\\reports\\.jsons",
        "reportFilename": "report",
        "overwrite": false,
        "html": false,
        "json": true
      },
      "version": "6.2.0"
    }
  }
}